<?xml version="1.0" encoding="UTF-8"?>
<testsuite xmlns:xsi="http://www.w3.org/2001/XMLSchema-instance" xsi:noNamespaceSchemaLocation="https://maven.apache.org/surefire/maven-surefire-plugin/xsd/surefire-test-report.xsd" name="com.nt.test.TestBankLoanService" time="30.066" tests="5" errors="0" skipped="0" failures="4">
  <properties>
[...]
</properties>
  <testcase name="com.nt.test.TestBankLoanService.testcalSimpleInterestAmountWithNUmber" classname="com.nt.test.TestBankLoanService" time="0.022">
    <failure message="results are not matched ==&gt; expected: &lt;24000.119140625&gt; but was: &lt;0.0&gt;" type="org.opentest4j.AssertionFailedError"><![CDATA[org.opentest4j.AssertionFailedError: results are not matched ==> expected: <24000.119140625> but was: <0.0>
	at org.junit.jupiter.api.AssertionFailureBuilder.build(AssertionFailureBuilder.java:151)
	at org.junit.jupiter.api.AssertionFailureBuilder.buildAndThrow(AssertionFailureBuilder.java:132)
	at org.junit.jupiter.api.AssertEquals.failNotEqual(AssertEquals.java:197)
	at org.junit.jupiter.api.AssertEquals.assertEquals(AssertEquals.java:86)
	at org.junit.jupiter.api.Assertions.assertEquals(Assertions.java:1024)
	at com.nt.test.TestBankLoanService.testcalSimpleInterestAmountWithNUmber(TestBankLoanService.java:56)
]]></failure>
  </testcase>
  <testcase name="com.nt.test.TestBankLoanService.testcalSimpleInterestAmountWithBigNUmber" classname="com.nt.test.TestBankLoanService" time="0">
    <failure message="Cannot invoke &quot;com.nt.service.BankLoanService.calSimpleInterestAmount(float, float, float)&quot; because &quot;com.nt.test.TestBankLoanService.service&quot; is null" type="java.lang.NullPointerException">java.lang.NullPointerException: Cannot invoke "com.nt.service.BankLoanService.calSimpleInterestAmount(float, float, float)" because "com.nt.test.TestBankLoanService.service" is null
	at com.nt.test.TestBankLoanService.testcalSimpleInterestAmountWithBigNUmber(TestBankLoanService.java:65)
</failure>
  </testcase>
  <testcase name="com.nt.test.TestBankLoanService.testcalSimpleInterestAmountWithTimer" classname="com.nt.test.TestBankLoanService" time="30.019"/>
  <testcase name="com.nt.test.TestBankLoanService.testcalSimpleInterestAmountWithNoException" classname="com.nt.test.TestBankLoanService" time="0.009">
    <failure message="Unexpected exception thrown: java.lang.NullPointerException: Cannot invoke &quot;com.nt.service.BankLoanService.calSimpleInterestAmount(float, float, float)&quot; because &quot;com.nt.test.TestBankLoanService.service&quot; is null" type="org.opentest4j.AssertionFailedError">org.opentest4j.AssertionFailedError: Unexpected exception thrown: java.lang.NullPointerException: Cannot invoke "com.nt.service.BankLoanService.calSimpleInterestAmount(float, float, float)" because "com.nt.test.TestBankLoanService.service" is null
	at org.junit.jupiter.api.AssertionFailureBuilder.build(AssertionFailureBuilder.java:152)
	at org.junit.jupiter.api.AssertDoesNotThrow.createAssertionFailedError(AssertDoesNotThrow.java:84)
	at org.junit.jupiter.api.AssertDoesNotThrow.assertDoesNotThrow(AssertDoesNotThrow.java:53)
	at org.junit.jupiter.api.AssertDoesNotThrow.assertDoesNotThrow(AssertDoesNotThrow.java:36)
	at org.junit.jupiter.api.Assertions.assertDoesNotThrow(Assertions.java:3168)
	at com.nt.test.TestBankLoanService.testcalSimpleInterestAmountWithNoException(TestBankLoanService.java:102)
Caused by: java.lang.NullPointerException: Cannot invoke "com.nt.service.BankLoanService.calSimpleInterestAmount(float, float, float)" because "com.nt.test.TestBankLoanService.service" is null
	at com.nt.test.TestBankLoanService.lambda$2(TestBankLoanService.java:103)
	at org.junit.jupiter.api.AssertDoesNotThrow.assertDoesNotThrow(AssertDoesNotThrow.java:49)
	... 14 more
</failure>
  </testcase>
  <testcase name="com.nt.test.TestBankLoanService.testcalSimpleInterestAmountWithInvalidNUmber" classname="com.nt.test.TestBankLoanService" time="0.009">
    <failure message="Unexpected exception type thrown, expected: &lt;java.lang.IllegalArgumentException&gt; but was: &lt;java.lang.NullPointerException&gt;" type="org.opentest4j.AssertionFailedError"><![CDATA[org.opentest4j.AssertionFailedError: Unexpected exception type thrown, expected: <java.lang.IllegalArgumentException> but was: <java.lang.NullPointerException>
	at org.junit.jupiter.api.AssertionFailureBuilder.build(AssertionFailureBuilder.java:151)
	at org.junit.jupiter.api.AssertThrows.assertThrows(AssertThrows.java:67)
	at org.junit.jupiter.api.AssertThrows.assertThrows(AssertThrows.java:35)
	at org.junit.jupiter.api.Assertions.assertThrows(Assertions.java:3115)
	at com.nt.test.TestBankLoanService.testcalSimpleInterestAmountWithInvalidNUmber(TestBankLoanService.java:75)
Caused by: java.lang.NullPointerException: Cannot invoke "com.nt.service.BankLoanService.calSimpleInterestAmount(float, float, float)" because "com.nt.test.TestBankLoanService.service" is null
	at com.nt.test.TestBankLoanService.lambda$0(TestBankLoanService.java:76)
	at org.junit.jupiter.api.AssertThrows.assertThrows(AssertThrows.java:53)
	... 14 more
]]></failure>
  </testcase>
</testsuite>